2024-04-10 00:03:37,960 - logger - INFO - techstrategy@qcells.com - 734559bb-0d7c-4712-92e2-ea38503dfe1b
2024-04-10 00:04:05,020 - logger - INFO - techstrategy@qcells.com - 3b0fd820-ba60-4345-9f51-5097f269b46a
2024-04-10 00:22:19,110 - logger - INFO - techstrategy@qcells.com - 3395d769-6a8e-4873-a66d-5a11abbcff68
2024-04-10 00:23:39,197 - logger - INFO - techstrategy@qcells.com - 3e0e21ff-f131-409c-ae77-8bc32a197e7f
2024-04-10 00:25:24,516 - logger - INFO -  - aedd200f-cba7-4eb5-89e4-7833b33d4929
2024-04-10 00:25:29,020 - logger - INFO - techstrategy@qcells.com - 331da93d-a977-4eb1-b2e4-dad44620ab4f
2024-04-10 01:11:39,373 - logger - INFO - techstrategy@qcells.com - 9aae681f-eb55-4ba7-a6d0-1f3ec6313d7b
2024-04-10 01:39:58,741 - logger - INFO - techstrategy@qcells.com - 7f017d7e-2a93-46b6-bb33-767240a17367
2024-04-10 02:58:42,759 - logger - INFO - techstrategy@qcells.com - 2750e58b-8a8f-4e80-af32-b7e2cdc6d32c
2024-04-10 02:59:33,048 - logger - INFO - techstrategy@qcells.com - 1935c029-a0a2-4ce8-a07b-901db4bfe8bc
2024-04-10 03:02:21,652 - logger - INFO -  - 2c168366-e83c-4e8e-b07d-46bbfbf8728b
2024-04-10 03:04:25,426 - logger - INFO -  - 22147114-8d0f-48ae-8da9-61c19b1059bb
2024-04-10 03:04:30,491 - logger - INFO - techstrategy@qcells.com - bfc4bc87-a9b9-4379-ba8a-b8ed39b3a942
2024-04-10 03:04:42,643 - logger - INFO -  - 3dec8d4f-07f3-4f8e-ba2f-32b8a478d5db
2024-04-10 03:04:48,277 - logger - INFO -  - 32221cfc-ef7e-4866-a914-5f580a6ebc11
2024-04-10 03:04:52,015 - logger - INFO - techstrategy@qcells.com - 8fa68346-8c32-47c9-a310-cc4d65993f1c
2024-04-10 03:04:58,752 - logger - INFO -  - b6449fe2-186b-4b6c-96c0-e8c0d2f6e661
2024-04-10 03:05:33,023 - logger - INFO -  - 0205d7d4-abec-40da-b09a-fd65c75b7162
2024-04-10 03:05:49,675 - logger - INFO - techstrategy@qcells.com - 69683933-801e-4b7f-9d76-5d00c4d2a43f
2024-04-10 03:06:25,782 - logger - INFO -  - 2e120263-c707-4866-9af3-8ededba82bf6
2024-04-10 03:06:29,619 - logger - INFO - techstrategy@qcells.com - d4ca21d9-1cac-4c80-a885-5b4ddc0ae31f
2024-04-10 03:06:41,310 - logger - INFO -  - 872bc44d-019e-4d50-a7b0-9e02cb9f71da
2024-04-10 03:06:45,095 - logger - INFO - techstrategy@qcells.com - d0a33b8c-6597-4734-85f2-66522b202438
2024-04-10 03:06:59,084 - logger - INFO -  - c9ce9c9a-bae4-4001-8843-a9d27159711c
2024-04-10 03:07:13,488 - logger - INFO - techstrategy@qcells.com - 2caa05d7-0643-4760-aaae-35e82ffaa70a
2024-04-10 03:07:48,390 - logger - INFO -  - 71026053-b9e2-45e8-8672-0203019574d3
2024-04-10 03:11:12,913 - logger - INFO -  - b6e99830-a8a2-453b-a0fb-df7d716f65b5
2024-04-10 03:11:24,790 - logger - INFO -  - a69a7ba8-7e65-445c-8ebc-e69bc233d248
2024-04-10 03:11:48,721 - logger - INFO -  - f48e8088-4be1-4a73-921e-21b2d43bd8f6
2024-04-10 03:12:22,171 - logger - INFO - techstrategy@qcells.com - b1bbf911-5e83-4141-8a73-22bbc76c55b8
2024-04-10 03:13:49,304 - logger - INFO - techstrategy@qcells.com - 8d4567ac-902d-4e32-a04c-b41e855812df
2024-04-10 03:13:50,659 - logger - INFO -  - bed0b99f-13d4-4b17-8a64-cfdd2552174b
2024-04-10 03:14:20,563 - logger - INFO - techstrategy@qcells.com - f344cb24-1ded-456b-8ea5-3ab4213a96c6
2024-04-10 03:15:27,612 - logger - INFO - techstrategy@qcells.com - f2d08d67-af34-4c74-b243-6944d6f09363
2024-04-10 03:15:32,318 - logger - INFO -  - ddf1f898-1b9f-4b48-bcf8-49e01f48bea1
2024-04-10 03:15:36,501 - logger - INFO - techstrategy@qcells.com - 2c41a760-3e32-4b9f-b905-4ca90021ec99
2024-04-10 03:18:22,533 - logger - INFO -  - c0832e2d-6098-4f70-85b2-980f512b4425
2024-04-10 03:18:42,751 - logger - INFO - edx.0@hanwha.com - e4c212b5-2482-45a8-9666-606f46ae3497
2024-04-10 03:18:56,873 - logger - INFO -  - 8914c78d-1a08-4605-b5dc-e56ce1b9f2eb
2024-04-10 03:19:01,530 - logger - INFO - edx.0@hanwha.com - af747a56-0243-4a0f-8c86-7bacba42ec91
2024-04-10 03:19:13,037 - logger - INFO -  - f85ae0c0-71fa-4457-b11f-08b4a0b240fe
2024-04-10 03:20:13,372 - logger - INFO - edx.0@hanwha.com - 50f2c715-efea-4a36-854f-d5b606e12454
2024-04-10 03:23:57,376 - logger - INFO - edx.0@hanwha.com - 487410b1-6543-408b-9808-7b9a5ad1b958
2024-04-10 03:35:53,485 - logger - INFO - edx.0@hanwha.com - 16287d25-4d8e-4ce7-990e-c457e763e184
2024-04-10 03:37:11,725 - logger - INFO -  - 796d8ff1-0fd1-4ac5-9e7f-34ea6765cfbf
2024-04-10 03:37:17,401 - logger - INFO - edx.0@hanwha.com - 1e6d911e-c7d8-41fa-9036-d832a9d36f47
2024-04-10 03:37:27,540 - logger - INFO -  - 4de9937e-3adf-48a4-b8db-5a7c6e224258
2024-04-10 03:37:32,985 - logger - INFO - edx.0@hanwha.com - d22f89a7-34c1-45f0-9060-412e967d5c5b
2024-04-10 03:39:07,981 - logger - INFO -  - 6dc637d3-d2e8-4e58-b232-d2fe85ba8219
2024-04-10 03:39:12,981 - logger - INFO - edx.0@hanwha.com - 68c7ad7a-c6d0-4550-b697-52fcd154b593
2024-04-10 03:41:47,948 - logger - INFO -  - ba74288e-5cc5-4bf0-b35a-070810765773
2024-04-10 03:41:52,980 - logger - INFO - edx.0@hanwha.com - 9c644e4a-a21c-4239-bf01-a36e3551e70c
2024-04-10 03:42:15,663 - logger - INFO -  - b468577c-75c6-4fd0-be61-11427b20c07b
2024-04-10 03:42:19,675 - logger - INFO - edx.0@hanwha.com - 8af5ac3d-90da-4d56-b563-6536a6731bae
2024-04-10 03:42:25,448 - logger - INFO -  - 8a375062-6819-40d8-b03f-670954a655b1
2024-04-10 03:43:34,436 - logger - INFO - techstrategy@qcells.com - e20dc2fa-6790-4554-abf1-a0374fa51ecf
2024-04-10 03:51:39,760 - logger - INFO -  - 9bf3a80b-18b4-4da2-83c9-7775ec19b050
2024-04-10 03:53:28,267 - logger - INFO -  - bf4bf8c4-2d2f-4164-8b1d-374e37c6e018
2024-04-10 03:53:34,243 - logger - INFO - edx.0@hanwha.com - 60ab6419-a04c-47ea-8593-b2af0130ccec
2024-04-10 03:59:43,145 - logger - INFO -  - a416e8e2-b19a-43f8-95f0-26edb6ea335f
2024-04-10 03:59:56,216 - logger - INFO -  - 36500d4f-5391-4a7d-9a27-e16f458fdd73
2024-04-10 04:00:34,334 - logger - INFO -  - f3e9a3c9-9166-4a6b-8646-e1a10ec48e48
2024-04-10 04:00:59,026 - logger - INFO -  - 53be4bce-d03e-41b3-b5a3-8cd1794e3de2
2024-04-10 04:01:17,199 - logger - INFO -  - 1fe7436e-5902-49d8-aa79-8117d1866f0d
2024-04-10 04:03:00,773 - logger - INFO -  - 259e9af7-a175-4d04-86bf-ddb25d3d2489
2024-04-10 04:03:20,063 - logger - INFO -  - cc52cc24-47e0-447c-b438-a3ce5c04364d
2024-04-10 04:04:00,019 - logger - INFO -  - 72ab19b0-6693-464a-bd0c-42ddf9985fa2
2024-04-10 04:04:18,595 - logger - INFO -  - 9b6a33e7-eec1-4f69-a62a-4293c3964237
2024-04-10 04:04:44,547 - logger - INFO -  - 36f32c37-63de-45f2-9ad1-a5956815279f
2024-04-10 04:05:03,827 - logger - INFO -  - 29e9b1f7-db96-4773-ae3d-24c575d320c3
2024-04-10 04:05:17,367 - logger - INFO - kyoungsup.shin@us.q-cells.com - c7941cf1-4afd-44b7-b25a-fea03aca6dd9
2024-04-10 04:08:24,329 - logger - INFO -  - 107a03f5-f020-407d-b32d-8880bb37a28a
2024-04-10 04:08:39,554 - logger - INFO -  - 0d2834b5-25ce-45a4-a1f6-b99ef5750f3c
2024-04-10 04:11:29,231 - logger - INFO -  - 412146d9-4dd7-4dc6-afa9-40a3086f0033
2024-04-10 04:13:34,543 - logger - INFO -  - 24d4c567-1ff2-48b4-b370-b6cad95849eb
2024-04-10 04:14:00,488 - logger - INFO -  - 62420240-ad15-44cd-ab08-1d097d568c2d
2024-04-10 04:14:07,143 - logger - INFO -  - 877f6064-0dc9-4d8f-ab60-718c7ebcd61e
2024-04-10 04:14:13,742 - logger - INFO -  - fb520fae-4cb7-41c1-8f40-e0f553200771
2024-04-10 04:14:20,730 - logger - INFO -  - afaf31e0-df15-4aa1-9199-88afe07e96e1
2024-04-10 04:14:25,146 - logger - INFO -  - 529389a1-39f1-4f25-b915-08b2bd54ef48
2024-04-10 04:15:20,171 - logger - INFO -  - 9e552875-b0d1-41ec-9b35-07ea1fb23b9e
2024-04-10 04:16:06,612 - logger - INFO -  - db74a5a1-5e6d-4842-9bdf-a4682a483f93
2024-04-10 04:16:15,834 - logger - INFO -  - dd3f2768-ea5a-4dfb-9d8d-dab9661f3bd3
2024-04-10 04:17:38,371 - logger - INFO -  - 8bed4a20-4c48-4098-ba96-073f3b138dcb
2024-04-10 04:18:23,275 - logger - INFO -  - 4bf088ed-a917-482d-ba81-492431d6d1df
2024-04-10 04:18:49,708 - logger - INFO -  - 52cdc418-e086-451b-a655-eadaf84075d2
2024-04-10 04:21:04,399 - logger - INFO -  - 13cef2ee-20f2-4e9b-8030-c1fdd747f487
2024-04-10 04:22:59,997 - logger - INFO -  - 68cac312-e1ab-4fbd-8f36-9d12368137fa
2024-04-10 04:23:17,271 - logger - INFO -  - 15e5e2f5-70db-427d-bd23-260e70a4b963
2024-04-10 04:23:52,732 - logger - INFO -  - b8496fa5-1c40-4aac-9d4f-bdee071be82f
2024-04-10 04:24:07,754 - logger - INFO - kyoungsup.shin@us.q-cells.com - fc54a7bf-220a-4d21-aeeb-707fe7bc60d1
2024-04-10 04:28:26,919 - logger - INFO -  - 2c9cf490-ba18-4fbd-ba7b-9d0eb8e1d4de
2024-04-10 04:43:04,534 - logger - INFO -  - 1f6a6fdc-16a2-4fa7-9929-1b420c185ff0
2024-04-10 04:43:35,677 - logger - INFO -  - c0f11de5-e249-40f2-8b6a-02fccd20b294
2024-04-10 06:04:18,395 - logger - INFO - kyoungsup.shin@us.q-cells.com - 13a2dd9d-55cf-46c9-8074-1baed000458e
2024-04-10 06:04:20,675 - logger - INFO -  - 0ffb066f-8386-4bcf-b3b6-eab6dd2925c8
2024-04-10 06:10:42,138 - logger - INFO -  - 81a31ac0-ad4f-4101-9dc5-bf2d8e6d9e5c
2024-04-10 06:10:44,913 - logger - INFO -  - 3cf65c6a-c055-457d-90f6-744f6ef39231
2024-04-10 08:00:55,580 - logger - INFO -  - 70ae5014-559a-4387-bbcc-8d5162e0707b
2024-04-10 08:00:57,706 - logger - INFO -  - 1ea9d846-5fd5-4e10-84ab-4493571e7625
2024-04-10 08:05:59,970 - logger - INFO -  - 4876396d-4ad3-4840-bf1a-8431bc481baa
2024-04-10 08:06:03,200 - logger - INFO -  - 766bdf0b-6aee-4380-a30e-ae66e6474a93
2024-04-10 10:07:07,088 - logger - INFO -  - 4e5149cd-0625-46de-987a-3c9459f8d597
2024-04-10 10:07:08,600 - logger - INFO -  - 6e131422-7f92-42d6-9d11-e5c226205fae
2024-04-10 11:55:36,417 - logger - INFO -  - 77e83aca-837a-4312-b28b-3b78a53adad5
2024-04-10 11:55:39,259 - logger - INFO -  - e3b69be0-9995-43ed-9b99-178ebffd3aa5
2024-04-10 12:22:54,684 - logger - INFO -  - 713b32cb-15f0-4e2d-a80e-944862402174
2024-04-10 12:22:55,239 - logger - INFO -  - 46f67693-750e-4aa1-a999-3cdc3ae80af6
2024-04-10 14:36:19,711 - logger - INFO -  - 0d072b20-7406-4fbd-9105-9fead459de7a
2024-04-10 14:36:21,651 - logger - INFO -  - a12495f7-fd09-4389-91ed-9412f4693251
2024-04-10 14:43:38,237 - logger - INFO -  - af1a542f-45c4-4a40-afee-4d1dde8dfa82
2024-04-10 14:43:39,948 - logger - INFO -  - c3e0757d-a9a3-4ef6-8972-90e74c7b8b1d
2024-04-10 14:45:00,901 - logger - INFO - kyoungsup.shin@us.q-cells.com - 2c6b88d7-e20c-4e39-8b0c-044c520384c4
2024-04-10 14:45:05,367 - logger - INFO -  - da78bfd8-8ae5-441a-98f6-f7b13d3e6a3d
2024-04-10 15:01:13,855 - logger - INFO -  - b7e72304-e3eb-462c-bcf5-d6c8050c34c4
2024-04-10 15:01:15,839 - logger - INFO -  - 7777b3ff-060d-4030-bd09-63af2c28372c
2024-04-10 15:02:33,393 - logger - INFO - kyoungsup.shin@us.q-cells.com - 5b1aab48-6d15-427e-97a5-827fdbed7c6b
2024-04-10 15:02:39,241 - logger - INFO -  - a40e51c1-08d8-422d-9cb7-7770692d486d
2024-04-10 15:07:33,014 - logger - INFO -  - 6124af29-6d6b-4dd7-8dcd-ce4e508eddde
2024-04-10 15:07:35,046 - logger - INFO -  - aff1fb78-fac1-4079-8424-41730d5a5a34
2024-04-10 15:35:20,997 - logger - INFO -  - edf5e676-c81e-4610-8b73-778b7c14c29e
2024-04-10 15:35:24,030 - logger - INFO -  - 2486edf4-184a-4bf9-bc35-6065d09ce6c2
2024-04-10 15:35:33,022 - logger - INFO -  - 02e9445e-87cf-4b1c-895c-4287c344ccb0
2024-04-10 15:51:11,634 - logger - INFO -  - 25f12a2a-baa7-45e4-ad22-38d30a6c2581
2024-04-10 15:51:19,601 - logger - INFO -  - c0f68b90-7688-47d8-bbc9-dc40cde7ec18
2024-04-10 15:54:56,687 - logger - INFO -  - 0fd60ca8-c413-46e7-975d-d91c06436325
2024-04-10 15:55:19,453 - logger - INFO -  - c598eea3-df46-473f-96f0-26552b582bc1
2024-04-10 15:55:35,645 - logger - INFO - kyoungsup.shin@us.q-cells.com - 86024c28-64eb-4e6d-8442-b57fad99518c
2024-04-10 15:55:40,457 - logger - INFO -  - 17e7aad0-ebae-40ee-b5fd-d8d9d167ec81
2024-04-10 15:55:58,823 - logger - INFO -  - 2a9247bb-955c-4958-accc-96e835f20830
2024-04-10 15:56:32,875 - logger - INFO - kyoungsup.shin@us.q-cells.com - e071cdd3-2403-4d0c-b57c-c7b76c11dedc
2024-04-10 15:58:01,929 - logger - INFO -  - 1766f201-5f1e-471b-82ae-224355d8fa9a
2024-04-10 15:58:04,516 - logger - INFO -  - 5465334f-766a-476f-8039-03bd136e9b07
2024-04-10 15:58:07,695 - logger - INFO - kyoungsup.shin@us.q-cells.com - 065bc5dc-bfdb-41db-b4f2-8c56d110672c
2024-04-10 16:08:36,408 - logger - INFO -  - 754c43e8-4fee-405a-ac8f-65d2c58b882c
2024-04-10 16:08:39,477 - logger - INFO - kyoungsup.shin@us.q-cells.com - f7fb8b35-a006-4e9b-b237-6addb6f60ed3
2024-04-10 16:15:34,650 - logger - INFO -  - 3afeca5e-778d-4422-8b06-558aeeb0f2f9
2024-04-10 16:15:37,811 - logger - INFO - kyoungsup.shin@us.q-cells.com - f3a108df-79e9-4b14-8e4a-c417b23b0847
2024-04-10 16:16:14,152 - logger - INFO -  - e80335f7-e309-4a1f-8ce6-818f7862f21a
2024-04-10 16:16:17,252 - logger - INFO - kyoungsup.shin@us.q-cells.com - 1abcb3fe-6982-43c7-b913-e85fc28dc376
2024-04-10 16:18:28,190 - logger - INFO -  - 3cbd9e55-ef62-4fd6-93c4-e686e4a334b3
2024-04-10 16:18:31,555 - logger - INFO - kyoungsup.shin@us.q-cells.com - 0b337671-0fc0-43ff-9fb2-fdc267d26ab0
2024-04-10 16:32:42,467 - logger - INFO -  - 0e1700a4-572a-45a6-9ac7-f8ba664e30f8
2024-04-10 16:32:44,984 - logger - INFO -  - d29aa50f-828c-453d-9b97-1ff36be5f9db
2024-04-10 16:32:48,092 - logger - INFO - kyoungsup.shin@us.q-cells.com - c88dd48a-64d4-4995-8d2e-2b3769773262
2024-04-10 16:33:03,144 - logger - INFO -  - 118bd5c8-7172-42f7-ad80-56ac1a72d3aa
2024-04-10 16:33:16,266 - logger - INFO -  - 92b5173d-13f2-4b58-80e9-6fbacc421555
2024-04-10 16:33:19,274 - logger - INFO - kyoungsup.shin@us.q-cells.com - 6df33397-7e69-4601-bfc3-daa79ace21dd
2024-04-10 16:33:55,709 - logger - INFO -  - a12da1a4-cb3f-4426-942b-343cb0d9c874
2024-04-10 16:34:39,157 - logger - INFO -  - edfc2998-92ad-4039-964e-e352c98858dd
2024-04-10 16:34:42,233 - logger - INFO - kyoungsup.shin@us.q-cells.com - 04d17381-0f6b-4320-a366-0b03cb890d40
2024-04-10 16:34:55,392 - logger - INFO -  - 5662cce7-ae56-4cb5-b7a3-5eea96ad9767
2024-04-10 16:34:58,361 - logger - INFO - kyoungsup.shin@us.q-cells.com - ed58e444-1d46-4e66-9ffc-9699b125e299
2024-04-10 16:35:02,167 - logger - INFO -  - 43b7545c-f3a5-4f04-99cb-f6655701aa2c
2024-04-10 16:38:42,798 - logger - INFO -  - 2fa736cf-1b5c-48d3-90dd-d28bc64d4ec4
2024-04-10 16:39:11,277 - logger - INFO -  - d24ba987-e808-486d-8eaf-5c83b9204811
2024-04-10 16:39:31,242 - logger - INFO -  - 50a9fc61-e12c-44d2-b7d7-6a8bf067998a
2024-04-10 16:39:53,863 - logger - INFO -  - 3673f19a-3818-4973-adb3-84dd475146d0
2024-04-10 16:39:58,040 - logger - INFO - kyoungsup.shin@us.q-cells.com - 253f5392-f5c1-46fd-8928-ce4bec0a6ae8
2024-04-10 16:39:59,516 - logger - INFO -  - 562486c8-7541-4481-865e-7c62f64c4bfb
2024-04-10 16:40:03,238 - logger - INFO - kyoungsup.shin@us.q-cells.com - 0aede348-8fd9-4d89-8c75-50b100181382
2024-04-10 16:40:07,438 - logger - INFO - kyoungsup.shin@us.q-cells.com - a70d0b21-b3c8-4194-826d-b8634e708fdb
2024-04-10 16:40:11,840 - logger - INFO - kyoungsup.shin@us.q-cells.com - 45823a04-75cc-4077-aff8-89997f704de5
2024-04-10 16:40:16,219 - logger - INFO - kyoungsup.shin@us.q-cells.com - 88a9eff7-5e6d-40eb-a384-7e45732d3a39
2024-04-10 16:40:54,782 - logger - INFO -  - 4fa34976-a041-4713-9575-081c1c9f145e
2024-04-10 16:40:58,347 - logger - INFO - kyoungsup.shin@us.q-cells.com - 0bf34f5e-9aeb-4b62-8291-9267894f6a55
2024-04-10 16:41:02,753 - logger - INFO - kyoungsup.shin@us.q-cells.com - 52e88b62-16ad-45d3-b9e6-f948affeb591
2024-04-10 16:41:07,276 - logger - INFO - kyoungsup.shin@us.q-cells.com - f85b5fca-2754-418a-9b16-1c00b9abde2f
2024-04-10 16:41:11,756 - logger - INFO - kyoungsup.shin@us.q-cells.com - bd4b3894-a722-4782-8ea6-570cde6b4ac6
2024-04-10 16:41:49,018 - logger - INFO -  - 058d2f52-3cf2-4f0a-aa86-d45fc39fafa0
2024-04-10 16:41:58,326 - logger - INFO -  - 5446d72c-ac57-48d0-b6da-3039fd79dc30
2024-04-10 16:42:02,482 - logger - INFO - kyoungsup.shin@us.q-cells.com - d2c09cae-ba81-46fd-aeb5-2a93f30f7608
2024-04-10 16:42:05,441 - logger - INFO -  - 46f6be80-9030-47a2-8bc5-494369a63e14
2024-04-10 16:45:27,177 - logger - INFO - kyoungsup.shin@us.q-cells.com - d74d7e4f-b2a1-4e33-9a04-2bf60c695a92
2024-04-10 16:49:04,835 - logger - INFO -  - 145498d4-a2c6-4296-a0e4-b3c19a4b1dca
2024-04-10 16:49:07,593 - logger - INFO -  - 6721a75e-a614-41a2-a6b6-5bf749af25fe
2024-04-10 16:49:10,908 - logger - INFO - kyoungsup.shin@us.q-cells.com - c09c9183-e507-41b4-bc30-e7b9ed93e3d8
2024-04-10 16:49:16,185 - logger - INFO -  - fef8179f-d762-4d90-ba87-b432452bd612
2024-04-10 16:50:53,802 - logger - INFO -  - b92e2152-a695-4c03-90f0-9c5b60ebeb8a
2024-04-10 16:50:57,609 - logger - INFO -  - 5a941bb8-c1a9-4277-84a0-36dde17aef09
2024-04-10 16:51:01,032 - logger - INFO - kyoungsup.shin@us.q-cells.com - a41c9b75-3188-4330-9cb3-9493746e0e03
2024-04-10 16:51:07,017 - logger - INFO -  - 75bffc3d-b7f6-45cc-80f7-d95ab9b3e616
2024-04-10 16:56:24,168 - logger - INFO -  - 30b18b32-1d51-4eb8-a630-fb5594439267
2024-04-10 16:57:09,981 - logger - INFO -  - 51042487-1e93-4a23-a503-71a6531f8fd7
2024-04-10 16:57:51,795 - logger - INFO -  - 74f71de9-d21e-4ca5-8fd6-b4b92511f479
2024-04-10 16:57:52,987 - logger - INFO -  - 3efe187b-b0b2-4e23-8be3-b379b44e0947
2024-04-10 16:58:11,547 - logger - INFO -  - 46c0e783-1d07-482f-8132-e975b05e8bab
2024-04-10 16:58:14,706 - logger - INFO -  - 1b8fbea6-e736-4060-b90f-058d7fd86585
2024-04-10 16:58:33,914 - logger - INFO -  - c906b3e6-22d8-470c-b0c1-1d5d101871c7
2024-04-10 16:58:37,265 - logger - INFO -  - 1ccf4362-ca65-4d26-b727-260f8e66fed6
2024-04-10 16:58:40,543 - logger - INFO - kyoungsup.shin@us.q-cells.com - 54ad33c8-90c8-43d5-8e39-adaafa8787be
